<ADD>@ROOT.XML</ADD>
<ADD>@LIBS.XML</ADD>
<ADD>@TYPES.ALI.XML</ADD>
<ADD>@TYPES.ats.XML</ADD>
<ADD>@TYPES.sys_flag_types.XML</ADD>
<ADD>@POUS.FB_L20_AnalogInput_01.XML</ADD>
<ADD>@POUS.FB_AnalogAverage_01.XML</ADD>
<ADD>@POUS.FB_HelpSetIP_01.XML</ADD>
<ADD>@POUS.FB_DeviceMonitoring_01.XML</ADD>
<ADD>@POUS.FB_SelectMode_01.XML</ADD>
<ADD>@POUS.FB_HelpClock_01.XML</ADD>
<ADD>@POUS.FB_PLC_Diag_01.XML</ADD>
<ADD>@POUS.DEMO_BTS_Switch_01.XML</ADD>
<ADD>@POUS.FB_InitScenes_01.XML</ADD>
<ADD>@POUS.FB_FileHandling_01.XML</ADD>
<ADD>@POUS.FB_InterbusStartup_01.XML</ADD>
<ADD>@POUS.FB_IBC_ProcResp.XML</ADD>
<ADD>@POUS.FB_InterbusStartup.XML</ADD>
<ADD>@POUS.FB_PD_Assign.XML</ADD>
<ADD>@POUS.FB_PD_EvalCompRefList.XML</ADD>
<ADD>@POUS.FB_PD_EvalDescr.XML</ADD>
<ADD>@POUS.FB_Web_Communication_01.XML</ADD>
<ADD>@POUS.FB_TCS_Communication_01.XML</ADD>
<ADD>@POUS.FB_Lumgate_01.XML</ADD>
<ADD>@POUS.FB_LuminanceLevel_01.XML</ADD>
<ADD>@POUS.FB_HourCounter_01.XML</ADD>
<ADD>@POUS.Configuration.XML</ADD>
<ADD>@POUS.Main.XML</ADD>
<ADD>@POUS.Hardware.XML</ADD>
<ADD>@POUS.FB_L20_ChooseScene_01.XML</ADD>
<ADD>@POUS.FB_SelectScene_01.XML</ADD>
<ADD>@POUS.FB_ThresholdTable_01.XML</ADD>
<ADD>@POUS.FB_SceneHourCounter_01.XML</ADD>
<ADD>@HW.ZIP</ADD>
<ADD>@HW.XML</ADD>
<ADD>@POUS.AltProg.XML</ADD>
